Arguments: 
  /usr/local/bin/node /usr/local/Cellar/yarn/1.9.4/libexec/bin/yarn.js

PATH: 
  /usr/bin:/bin:/usr/sbin:/sbin:/usr/local/bin

Yarn version: 
  1.9.4

Node version: 
  8.11.3

Platform: 
  darwin x64

Trace: 
  Error: EACCES: permission denied, mkdir '/Users/marcelassis/React/data-fetching-react/1-fetching-data-with-fetch-api/gif-search/node_modules/aproba'

npm manifest: 
  {
    "name": "gif-search",
    "version": "0.1.0",
    "private": true,
    "devDependencies": {
      "react-scripts": "0.8.5"
    },
    "dependencies": {
      "axios": "^0.18.0",
      "react": "^15.4.2",
      "react-dom": "^15.4.2"
    },
    "scripts": {
      "start": "react-scripts start",
      "build": "react-scripts build",
      "test": "react-scripts test --env=jsdom",
      "eject": "react-scripts eject"
    }
  }

yarn manifest: 
  No manifest

Lockfile: 
  No lockfile
